{
  "RSpec": {
    "coverage": {
      "/home/pixoatic/languageplatform/languageplatformws2022-290480-ruby/template-app/app/models/account_block/account.rb": [
        1,
        1,
        1,
        null,
        1,
        null,
        1,
        1,
        1,
        1,
        1,
        null,
        1,
        null,
        1,
        1,
        null,
        1,
        null,
        1,
        0,
        0,
        0,
        0,
        null,
        null,
        1,
        0,
        0,
        null,
        null,
        null,
        1,
        0,
        0,
        0,
        null,
        0,
        null,
        null,
        1,
        0,
        0,
        0,
        null,
        0,
        null,
        null,
        null,
        null,
        null,
        null
      ],
      "/home/pixoatic/languageplatform/languageplatformws2022-290480-ruby/template-app/app/models/account_block/application_record.rb": [
        1,
        1,
        1,
        null,
        null
      ],
      "/home/pixoatic/languageplatform/languageplatformws2022-290480-ruby/template-app/app/models/builder_base/application_record.rb": [
        1,
        1,
        1,
        1,
        null,
        null
      ],
      "/home/pixoatic/languageplatform/languageplatformws2022-290480-ruby/template-app/app/models/application_record.rb": [
        1,
        1,
        null
      ],
      "/home/pixoatic/languageplatform/languageplatformws2022-290480-ruby/template-app/app/concerns/bx_block_payments/patch_account_transactions_associations.rb": [
        1,
        1,
        1,
        null,
        1,
        1,
        null,
        null,
        null
      ],
      "/home/pixoatic/languageplatform/languageplatformws2022-290480-ruby/template-app/app/models/bx_block_landingpage3/language.rb": [
        1,
        1,
        1,
        null,
        1,
        null,
        1,
        1,
        null,
        1,
        null,
        null
      ],
      "/home/pixoatic/languageplatform/languageplatformws2022-290480-ruby/template-app/app/models/bx_block_landingpage3/application_record.rb": [
        1,
        1,
        1,
        null,
        null
      ],
      "/home/pixoatic/languageplatform/languageplatformws2022-290480-ruby/template-app/app/models/bx_block_custom_user_subs/subscription_plan.rb": [
        1,
        1,
        1,
        1,
        null,
        1,
        1,
        1,
        1,
        1,
        null,
        1,
        1,
        1,
        null,
        null,
        null
      ],
      "/home/pixoatic/languageplatform/languageplatformws2022-290480-ruby/template-app/app/models/bx_block_custom_user_subs/application_record.rb": [
        1,
        1,
        1,
        null,
        null
      ],
      "/home/pixoatic/languageplatform/languageplatformws2022-290480-ruby/template-app/app/controllers/application_controller.rb": [
        1,
        217,
        null
      ],
      "/home/pixoatic/languageplatform/languageplatformws2022-290480-ruby/template-app/app/helpers/bx_block_payments/application_helper.rb": [
        1,
        1,
        null,
        null
      ],
      "/home/pixoatic/languageplatform/languageplatformws2022-290480-ruby/template-app/app/models/admin_user.rb": [
        1,
        null,
        null,
        1,
        null,
        null
      ],
      "/home/pixoatic/languageplatform/languageplatformws2022-290480-ruby/template-app/app/admin/admin_users.rb": [
        1,
        1,
        1,
        1,
        1,
        null,
        null,
        1,
        null,
        null,
        null,
        null,
        null,
        null,
        1,
        null,
        null,
        null,
        1,
        1,
        1,
        null,
        1,
        0,
        0,
        0,
        0,
        0,
        null,
        null,
        1,
        1,
        null,
        1,
        0,
        0,
        0,
        0,
        null,
        0,
        null,
        null,
        null
      ],
      "/home/pixoatic/languageplatform/languageplatformws2022-290480-ruby/template-app/app/admin/assessment.rb": [
        1,
        null,
        1,
        1,
        null,
        null,
        null,
        1,
        2,
        2,
        2,
        2,
        2,
        2,
        2,
        2,
        null,
        null,
        null,
        2,
        null,
        null,
        null,
        null,
        1,
        0,
        0,
        0,
        0,
        0,
        0,
        0,
        null,
        null,
        null,
        null
      ],
      "/home/pixoatic/languageplatform/languageplatformws2022-290480-ruby/template-app/app/models/account_block/assessment_question.rb": [
        1,
        1,
        1,
        null,
        1,
        1,
        null,
        1,
        1,
        1,
        1,
        1,
        1,
        null,
        1,
        1,
        null,
        null,
        null
      ],
      "/home/pixoatic/languageplatform/languageplatformws2022-290480-ruby/template-app/app/admin/availability.rb": [
        1,
        null,
        1,
        null,
        1,
        null,
        null,
        1,
        0,
        0,
        0,
        0,
        0,
        null,
        0,
        null,
        null,
        null,
        null,
        null,
        null,
        null,
        null,
        null,
        null,
        null,
        null
      ],
      "/home/pixoatic/languageplatform/languageplatformws2022-290480-ruby/template-app/app/models/bx_block_appointment_management/availability.rb": [
        1,
        1,
        null,
        1,
        1,
        null,
        1,
        null,
        1,
        null,
        null,
        1,
        1,
        1,
        0,
        null,
        null,
        1,
        null,
        37,
        null,
        1,
        null,
        1,
        0,
        null,
        1,
        0,
        null,
        1,
        0,
        null,
        null,
        null,
        1,
        null,
        1,
        null,
        2,
        2,
        1,
        null,
        1,
        null,
        null,
        2,
        null,
        null,
        1,
        15,
        15,
        null,
        null,
        15,
        15,
        null,
        null,
        15,
        92,
        92,
        0,
        0,
        0,
        0,
        0,
        0,
        null,
        null,
        null,
        null,
        15,
        null,
        null,
        1,
        null,
        2,
        2,
        null,
        null,
        2,
        null,
        2,
        4,
        8,
        8,
        0,
        null,
        null,
        8,
        2,
        2,
        null,
        null,
        null,
        4,
        2,
        2,
        2,
        2,
        2,
        null,
        null,
        2,
        2,
        null,
        null,
        null,
        1,
        98,
        14,
        null,
        null,
        1,
        null,
        1,
        0,
        0,
        null,
        null,
        1,
        18,
        null,
        null,
        null,
        0,
        null,
        null,
        null,
        1,
        null,
        null,
        null,
        17,
        17,
        null,
        null,
        1,
        33,
        33,
        33,
        null,
        null,
        null,
        1,
        21,
        21,
        null,
        null,
        1,
        14,
        null,
        null,
        14,
        null,
        null,
        null,
        null,
        null,
        null,
        null,
        null,
        null,
        null,
        null,
        null,
        null,
        null,
        null
      ],
      "/home/pixoatic/languageplatform/languageplatformws2022-290480-ruby/template-app/app/models/bx_block_appointment_management/application_record.rb": [
        1,
        1,
        1,
        null,
        null
      ],
      "/home/pixoatic/languageplatform/languageplatformws2022-290480-ruby/template-app/app/admin/dashboard.rb": [
        1,
        1,
        1,
        1,
        1,
        null,
        null,
        1,
        null,
        null,
        null,
        null,
        null,
        null,
        1,
        null,
        null,
        null,
        1,
        1,
        34,
        null,
        1,
        0,
        0,
        0,
        0,
        null,
        null,
        null,
        null,
        null,
        null,
        null,
        null,
        null,
        null,
        null,
        null,
        null,
        null,
        null,
        null,
        null,
        null,
        null,
        null,
        null,
        null,
        null,
        null,
        null
      ],
      "/home/pixoatic/languageplatform/languageplatformws2022-290480-ruby/template-app/app/admin/frequently_asked_questions.rb": [
        1,
        1,
        null,
        1,
        null,
        1,
        1,
        1,
        1,
        null,
        1,
        null,
        null,
        1,
        1,
        1,
        1,
        1,
        null,
        1,
        null,
        null,
        1,
        1,
        1,
        1,
        null,
        null,
        null
      ],
      "/home/pixoatic/languageplatform/languageplatformws2022-290480-ruby/template-app/app/models/bx_block_landingpage3/frequently_asked_question.rb": [
        1,
        1,
        1,
        1,
        null
      ],
      "/home/pixoatic/languageplatform/languageplatformws2022-290480-ruby/template-app/app/admin/invitee_student.rb": [
        1,
        1,
        1,
        1,
        null,
        1,
        2,
        2,
        2,
        2,
        null,
        2,
        null,
        null,
        1,
        1,
        1,
        1,
        1,
        1,
        null,
        1,
        1,
        1,
        null,
        null,
        0,
        null,
        null,
        null,
        null,
        null,
        1,
        1,
        1,
        null,
        1,
        null,
        1,
        null,
        null,
        1,
        1,
        1,
        1,
        null,
        1,
        1,
        1,
        null,
        null,
        1,
        1,
        1,
        1,
        null,
        null,
        null,
        1,
        1,
        1,
        1,
        1,
        null,
        null,
        null
      ],
      "/home/pixoatic/languageplatform/languageplatformws2022-290480-ruby/template-app/app/models/account_block/invitee_student.rb": [
        1,
        1,
        1,
        null,
        null,
        null
      ],
      "/home/pixoatic/languageplatform/languageplatformws2022-290480-ruby/template-app/app/admin/invitee_teacher.rb": [
        1,
        1,
        1,
        1,
        null,
        1,
        2,
        2,
        2,
        2,
        null,
        2,
        null,
        null,
        1,
        1,
        1,
        1,
        1,
        1,
        null,
        1,
        1,
        1,
        null,
        null,
        0,
        null,
        null,
        null,
        null,
        null,
        1,
        1,
        1,
        null,
        1,
        null,
        1,
        null,
        null,
        1,
        1,
        1,
        1,
        null,
        1,
        1,
        1,
        null,
        null,
        1,
        1,
        1,
        1,
        null,
        null,
        null,
        1,
        1,
        1,
        1,
        1,
        null,
        null,
        null,
        null
      ],
      "/home/pixoatic/languageplatform/languageplatformws2022-290480-ruby/template-app/app/models/account_block/invitee_teacher.rb": [
        1,
        1,
        1,
        null,
        null,
        null
      ],
      "/home/pixoatic/languageplatform/languageplatformws2022-290480-ruby/template-app/app/admin/language121_class.rb": [
        1,
        1,
        null,
        1,
        null,
        1,
        0,
        0,
        0,
        0,
        0,
        0,
        0,
        0,
        0,
        0,
        0,
        0,
        0,
        0,
        null,
        0,
        null,
        null,
        1,
        0,
        0,
        0,
        0,
        0,
        0,
        0,
        0,
        0,
        0,
        0,
        0,
        0,
        0,
        null,
        0,
        null,
        null,
        1,
        1,
        1,
        1,
        null,
        null,
        null,
        null,
        null,
        null,
        null,
        null,
        null,
        null
      ],
      "/home/pixoatic/languageplatform/languageplatformws2022-290480-ruby/template-app/app/models/account_block/language121_class.rb": [
        null,
        1,
        1,
        1,
        1,
        null,
        1,
        1,
        1,
        null,
        1,
        1,
        1,
        1,
        1,
        null,
        1,
        1,
        1,
        null,
        1,
        null,
        1,
        null,
        1,
        28,
        5,
        null,
        null,
        1,
        1,
        15,
        15,
        15,
        15,
        null,
        null,
        null
      ],
      "/home/pixoatic/languageplatform/languageplatformws2022-290480-ruby/template-app/app/admin/language_class.rb": [
        1,
        1,
        1,
        null,
        1,
        1,
        2,
        1,
        1,
        1,
        1,
        1,
        1,
        1,
        1,
        1,
        1,
        1,
        1,
        1,
        null,
        1,
        null,
        null,
        1,
        1,
        1,
        1,
        1,
        null,
        1,
        1,
        1,
        1,
        1,
        1,
        1,
        1,
        null,
        1,
        null,
        null,
        null,
        1,
        1,
        1,
        1,
        null,
        1,
        1,
        1,
        1,
        1,
        1,
        1,
        1,
        1,
        null,
        null,
        null,
        null
      ],
      "/home/pixoatic/languageplatform/languageplatformws2022-290480-ruby/template-app/app/models/bx_block_classes/language_class.rb": [
        1,
        1,
        1,
        null,
        1,
        1,
        1,
        1,
        1,
        null,
        null,
        1,
        1,
        1,
        1,
        null,
        1,
        1,
        null,
        null,
        1,
        1,
        1,
        3,
        3,
        3,
        3,
        2,
        1,
        3,
        null,
        null,
        3,
        null,
        1,
        35,
        9,
        null,
        null,
        null,
        1,
        1,
        null,
        null,
        1,
        1,
        0,
        0,
        null,
        null,
        null,
        1,
        0,
        null,
        null,
        1,
        18,
        null,
        null,
        1,
        18,
        0,
        0,
        null,
        null,
        null,
        null,
        1,
        2,
        2,
        null,
        null,
        1,
        0,
        null,
        null,
        1,
        0,
        null,
        null,
        null
      ],
      "/home/pixoatic/languageplatform/languageplatformws2022-290480-ruby/template-app/app/admin/language_course.rb": [
        1,
        1,
        null,
        1,
        null,
        1,
        1,
        2,
        1,
        1,
        1,
        1,
        1,
        1,
        1,
        1,
        1,
        1,
        1,
        1,
        1,
        1,
        null,
        1,
        null,
        null,
        1,
        3,
        3,
        3,
        3,
        3,
        3,
        3,
        3,
        null,
        3,
        3,
        3,
        null,
        null,
        null,
        null,
        3,
        null,
        null,
        1,
        1,
        1,
        1,
        1,
        null,
        1,
        1,
        1,
        1,
        1,
        1,
        1,
        1,
        1,
        1,
        1,
        1,
        1,
        1,
        1,
        1,
        null,
        null,
        null,
        null,
        null,
        null,
        null
      ],
      "/home/pixoatic/languageplatform/languageplatformws2022-290480-ruby/template-app/app/models/account_block/language_course.rb": [
        1,
        1,
        1,
        1,
        1,
        null,
        1,
        1,
        null,
        1,
        1,
        1,
        1,
        null,
        1,
        1,
        1,
        null,
        null,
        null,
        null,
        1,
        1,
        1,
        1,
        1,
        1,
        1,
        null,
        1,
        19,
        6,
        null,
        null,
        null,
        null
      ],
      "/home/pixoatic/languageplatform/languageplatformws2022-290480-ruby/template-app/app/admin/language_types.rb": [
        1,
        1,
        1,
        1,
        1,
        1,
        null,
        1,
        0,
        0,
        0,
        null,
        0,
        null,
        null,
        1,
        0,
        0,
        0,
        0,
        0,
        null,
        null,
        0,
        null,
        null,
        1,
        0,
        0,
        0,
        0,
        null,
        null,
        null,
        null,
        null
      ],
      "/home/pixoatic/languageplatform/languageplatformws2022-290480-ruby/template-app/app/models/bx_block_custom_user_subs/language_type.rb": [
        1,
        1,
        1,
        null,
        1,
        null,
        1,
        1,
        null,
        1,
        null,
        null
      ],
      "/home/pixoatic/languageplatform/languageplatformws2022-290480-ruby/template-app/app/admin/languages.rb": [
        1,
        1,
        1,
        1,
        1,
        null,
        1,
        0,
        0,
        0,
        null,
        0,
        null,
        null,
        1,
        0,
        0,
        0,
        0,
        0,
        null,
        null,
        0,
        null,
        null,
        1,
        0,
        0,
        0,
        0,
        null,
        null,
        null,
        null,
        null
      ],
      "/home/pixoatic/languageplatform/languageplatformws2022-290480-ruby/template-app/app/admin/student.rb": [
        1,
        1,
        1,
        1,
        null,
        null,
        1,
        2,
        2,
        2,
        2,
        2,
        2,
        2,
        2,
        2,
        2,
        2,
        2,
        2,
        2,
        2,
        null,
        2,
        null,
        null,
        1,
        1,
        1,
        1,
        1,
        1,
        1,
        1,
        1,
        1,
        1,
        1,
        null,
        1,
        1,
        1,
        null,
        null,
        0,
        null,
        null,
        null,
        null,
        null,
        null,
        1,
        null,
        1,
        null,
        null,
        1,
        1,
        1,
        1,
        0,
        0,
        null,
        0,
        null,
        null,
        null,
        null,
        1,
        0,
        0,
        0,
        null,
        null,
        1,
        0,
        0,
        0,
        null,
        null,
        null,
        null,
        1,
        1,
        1,
        1,
        null,
        1,
        1,
        1,
        1,
        1,
        1,
        1,
        1,
        1,
        1,
        1,
        1,
        1,
        1,
        1,
        1,
        1,
        null,
        null,
        null,
        null,
        null
      ],
      "/home/pixoatic/languageplatform/languageplatformws2022-290480-ruby/template-app/app/models/account_block/student.rb": [
        1,
        1,
        1,
        null,
        1,
        1,
        1,
        1,
        null,
        1,
        null,
        1,
        1,
        1,
        1,
        1,
        null,
        null,
        1,
        1,
        1,
        1,
        1,
        null,
        null,
        null
      ],
      "/home/pixoatic/languageplatform/languageplatformws2022-290480-ruby/template-app/app/models/concerns/full_name.rb": [
        1,
        null,
        1,
        1,
        null,
        1,
        2,
        9,
        null,
        null,
        null
      ],
      "/home/pixoatic/languageplatform/languageplatformws2022-290480-ruby/template-app/app/admin/study_formats.rb": [
        1,
        1,
        1,
        1,
        1,
        1,
        null,
        1,
        0,
        0,
        0,
        null,
        0,
        null,
        null,
        1,
        0,
        0,
        0,
        0,
        0,
        null,
        null,
        0,
        null,
        null,
        1,
        0,
        0,
        0,
        0,
        null,
        null,
        null,
        null,
        null
      ],
      "/home/pixoatic/languageplatform/languageplatformws2022-290480-ruby/template-app/app/models/bx_block_custom_user_subs/study_format.rb": [
        1,
        1,
        1,
        null,
        1,
        null,
        1,
        1,
        null,
        1,
        null,
        null
      ],
      "/home/pixoatic/languageplatform/languageplatformws2022-290480-ruby/template-app/app/admin/subscription_plans.rb": [
        1,
        1,
        1,
        2,
        1,
        null,
        1,
        1,
        1,
        1,
        1,
        1,
        1,
        1,
        1,
        1,
        1,
        1,
        1,
        null,
        null,
        1,
        null,
        null,
        1,
        1,
        1,
        1,
        1,
        2,
        null,
        1,
        1,
        1,
        2,
        null,
        1,
        1,
        1,
        1,
        null,
        1,
        null,
        null,
        null,
        1,
        1,
        1,
        1,
        1,
        null,
        1,
        1,
        1,
        1,
        null,
        1,
        1,
        1,
        1,
        1,
        1,
        1,
        1,
        1,
        0,
        null,
        null,
        null,
        null,
        null,
        null,
        null
      ],
      "/home/pixoatic/languageplatform/languageplatformws2022-290480-ruby/template-app/app/admin/teacher.rb": [
        1,
        1,
        1,
        1,
        null,
        1,
        2,
        2,
        2,
        2,
        2,
        2,
        2,
        2,
        2,
        2,
        2,
        2,
        2,
        2,
        null,
        2,
        null,
        null,
        1,
        1,
        1,
        1,
        1,
        1,
        1,
        1,
        1,
        1,
        1,
        null,
        1,
        1,
        1,
        null,
        null,
        0,
        null,
        null,
        null,
        null,
        null,
        1,
        1,
        1,
        1,
        null,
        1,
        null,
        1,
        null,
        null,
        1,
        1,
        0,
        0,
        0,
        null,
        null,
        1,
        0,
        0,
        0,
        null,
        null,
        null,
        1,
        1,
        1,
        1,
        1,
        1,
        1,
        1,
        1,
        1,
        1,
        1,
        1,
        1,
        1,
        1,
        null,
        null,
        null,
        null,
        null
      ],
      "/home/pixoatic/languageplatform/languageplatformws2022-290480-ruby/template-app/app/models/account_block/teacher.rb": [
        1,
        1,
        1,
        null,
        1,
        1,
        1,
        1,
        1,
        1,
        null,
        1,
        null,
        1,
        1,
        1,
        1,
        1,
        null,
        null,
        1,
        1,
        1,
        1,
        1,
        1,
        null,
        null
      ],
      "/home/pixoatic/languageplatform/languageplatformws2022-290480-ruby/template-app/app/controllers/bx_block_appointment_management/availabilities_controller.rb": [
        1,
        1,
        1,
        1,
        1,
        null,
        null,
        1,
        null,
        1,
        2,
        2,
        null,
        2,
        2,
        null,
        2,
        2,
        null,
        null,
        null,
        0,
        null,
        null,
        null,
        null,
        null,
        null,
        1,
        1,
        1,
        null,
        1,
        1,
        null,
        null,
        null,
        1,
        1,
        null,
        null,
        null,
        0,
        null,
        null,
        null,
        null,
        null,
        1,
        1,
        1,
        1,
        1,
        1,
        1,
        1,
        1,
        1,
        null,
        1,
        1,
        9,
        9,
        9,
        null,
        null,
        9,
        0,
        null,
        null,
        null,
        9,
        9,
        9,
        2,
        2,
        null,
        9,
        null,
        null,
        1,
        null,
        null,
        null,
        null,
        null,
        null,
        null,
        null,
        null,
        null,
        null,
        null,
        null,
        null,
        null,
        null,
        1,
        2,
        null,
        2,
        0,
        null,
        2,
        2,
        2,
        null,
        0,
        null,
        null,
        null,
        1,
        2,
        2,
        10,
        null,
        2,
        1,
        1,
        null,
        1,
        null,
        1,
        null,
        null,
        null,
        1,
        1,
        null,
        null,
        1,
        null,
        null,
        null,
        null,
        1,
        null,
        1,
        9,
        null,
        null,
        1,
        4,
        4,
        4,
        null,
        null,
        null,
        null
      ],
      "/home/pixoatic/languageplatform/languageplatformws2022-290480-ruby/template-app/app/controllers/bx_block_appointment_management/application_controller.rb": [
        1,
        1,
        null,
        1,
        null,
        null,
        null,
        null,
        null,
        null,
        null,
        null,
        null,
        null,
        null
      ],
      "/home/pixoatic/languageplatform/languageplatformws2022-290480-ruby/template-app/app/controllers/builder_base/application_controller.rb": [
        1,
        1,
        1,
        1,
        null,
        1,
        0,
        null,
        null,
        null
      ],
      "/home/pixoatic/languageplatform/languageplatformws2022-290480-ruby/template-app/app/concerns/builder_json_web_token/json_web_token_validation.rb": [
        null,
        null,
        1,
        1,
        null,
        1,
        null,
        null,
        null,
        1,
        null,
        1,
        54,
        null,
        null,
        54,
        4,
        4,
        null,
        null,
        null,
        1,
        null,
        null,
        4,
        null,
        0,
        null,
        null,
        4,
        null,
        null,
        null,
        null,
        null
      ],
      "/home/pixoatic/languageplatform/languageplatformws2022-290480-ruby/template-app/app/controllers/account_block/accounts_controller.rb": [
        1,
        1,
        1,
        1,
        1,
        null,
        1,
        0,
        0,
        null,
        null,
        0,
        null,
        null,
        null,
        null,
        null,
        1,
        null,
        1,
        0,
        0,
        null,
        null,
        1,
        0,
        null,
        null,
        null,
        null
      ],
      "/home/pixoatic/languageplatform/languageplatformws2022-290480-ruby/template-app/app/controllers/account_block/application_controller.rb": [
        1,
        1,
        null,
        null,
        null
      ],
      "/home/pixoatic/languageplatform/languageplatformws2022-290480-ruby/template-app/app/controllers/account_block/assessment_options_controller.rb": [
        1,
        1,
        1,
        1,
        null,
        1,
        1,
        1,
        0,
        null,
        1,
        null,
        null,
        null,
        1,
        null,
        1,
        1,
        null,
        null,
        null
      ],
      "/home/pixoatic/languageplatform/languageplatformws2022-290480-ruby/template-app/app/controllers/account_block/assessment_questions_controller.rb": [
        1,
        1,
        1,
        1,
        null,
        1,
        1,
        1,
        0,
        null,
        1,
        null,
        null,
        null,
        null,
        1,
        null,
        1,
        1,
        null,
        null,
        null,
        null
      ],
      "/home/pixoatic/languageplatform/languageplatformws2022-290480-ruby/template-app/app/controllers/account_block/assessments_controller.rb": [
        1,
        1,
        1,
        1,
        null,
        1,
        1,
        1,
        1,
        1,
        null,
        null,
        1,
        null,
        null,
        1,
        null,
        null,
        1,
        1,
        1,
        1,
        1,
        1,
        null,
        1,
        1,
        1,
        0,
        null,
        null,
        null,
        1,
        1,
        null,
        1,
        0,
        0,
        null,
        null,
        null,
        1,
        0,
        1,
        0,
        1,
        0,
        1,
        0,
        1,
        0,
        null,
        1,
        null,
        null,
        null,
        1,
        null,
        null,
        0,
        null,
        null,
        null,
        1,
        1,
        1,
        1,
        1,
        1,
        1,
        null,
        null,
        1,
        1,
        1,
        null,
        0,
        null,
        null,
        null,
        null,
        null,
        null,
        1,
        null,
        1,
        0,
        0,
        0,
        null,
        0,
        null,
        null,
        1,
        1,
        null,
        null,
        null,
        null
      ],
      "/home/pixoatic/languageplatform/languageplatformws2022-290480-ruby/template-app/app/controllers/account_block/invitee_students_controller.rb": [
        1,
        1,
        1,
        1,
        1,
        1,
        1,
        1,
        null,
        null,
        1,
        1,
        1,
        1,
        1,
        1,
        null,
        null,
        null,
        null,
        null
      ],
      "/home/pixoatic/languageplatform/languageplatformws2022-290480-ruby/template-app/app/controllers/account_block/invitee_teachers_controller.rb": [
        1,
        1,
        1,
        1,
        1,
        1,
        1,
        1,
        null,
        null,
        1,
        1,
        1,
        1,
        1,
        1,
        null,
        null,
        null,
        null,
        null
      ],
      "/home/pixoatic/languageplatform/languageplatformws2022-290480-ruby/template-app/app/controllers/account_block/language121_classes_controller.rb": [
        null,
        1,
        1,
        1,
        1,
        null,
        null,
        1,
        2,
        2,
        1,
        null,
        1,
        null,
        null,
        null,
        1,
        1,
        1,
        1,
        null,
        1,
        1,
        1,
        1,
        1,
        1,
        1,
        null,
        0,
        null,
        null,
        0,
        null,
        null,
        null,
        null,
        null,
        1,
        null,
        1,
        3,
        null,
        null,
        null,
        null
      ],
      "/home/pixoatic/languageplatform/languageplatformws2022-290480-ruby/template-app/app/controllers/account_block/language_courses_controller.rb": [
        1,
        1,
        1,
        1,
        1,
        null,
        1,
        1,
        1,
        0,
        null,
        1,
        null,
        null,
        null,
        1,
        0,
        0,
        0,
        null,
        0,
        null,
        null,
        null,
        1,
        0,
        0,
        null,
        0,
        null,
        null,
        null,
        1,
        0,
        0,
        null,
        null,
        0,
        null,
        null,
        null,
        null,
        1,
        1,
        1,
        1,
        1,
        1,
        null,
        1,
        1,
        1,
        1,
        null,
        1,
        null,
        0,
        null,
        1,
        null,
        null,
        0,
        null,
        null,
        null,
        null,
        1,
        null,
        1,
        0,
        0,
        0,
        null,
        0,
        null,
        null,
        1,
        2,
        null,
        null,
        null,
        null,
        1,
        0,
        null,
        null,
        null,
        null
      ],
      "/home/pixoatic/languageplatform/languageplatformws2022-290480-ruby/template-app/app/controllers/account_block/students_controller.rb": [
        1,
        1,
        1,
        null,
        1,
        24,
        24,
        null,
        24,
        24,
        null,
        null,
        null,
        24,
        null,
        null,
        null,
        22,
        21,
        21,
        21,
        21,
        21,
        null,
        null,
        null,
        0,
        null,
        null,
        null,
        null,
        1,
        1,
        1,
        1,
        1,
        1,
        null,
        null,
        1,
        2,
        2,
        2,
        1,
        1,
        null,
        1,
        null,
        null,
        null,
        1,
        2,
        2,
        2,
        2,
        1,
        1,
        null,
        1,
        null,
        null,
        null,
        1,
        1,
        1,
        null,
        null,
        0,
        null,
        null,
        null,
        null,
        1,
        1,
        1,
        1,
        1,
        1,
        null,
        null,
        null,
        1,
        2,
        null,
        2,
        2,
        1,
        null,
        1,
        null,
        null,
        null,
        1,
        2,
        2,
        2,
        null,
        null,
        0,
        null,
        null,
        null,
        1,
        1,
        null,
        null,
        1,
        2,
        2,
        1,
        null,
        1,
        null,
        null,
        null,
        1,
        1,
        null,
        1,
        1,
        1,
        1,
        null,
        null,
        null,
        null,
        null,
        null,
        null,
        null,
        null,
        null,
        null,
        null,
        1,
        1,
        null,
        1,
        1,
        null,
        1,
        null,
        null,
        null,
        null,
        null,
        null,
        1,
        null,
        0,
        null,
        null,
        1,
        1,
        1,
        1,
        null,
        1,
        1,
        null,
        null,
        null,
        null,
        null,
        null,
        null,
        null,
        null,
        null,
        null,
        1,
        1,
        null,
        1,
        1,
        1,
        null,
        null,
        null,
        null,
        1,
        null,
        null,
        null,
        null,
        null,
        1,
        1,
        1,
        1,
        1,
        null,
        null,
        1,
        null,
        null,
        null,
        1,
        null,
        1,
        21,
        null,
        null,
        1,
        0,
        0,
        0,
        null,
        0,
        null,
        null,
        1,
        94,
        null,
        null,
        1,
        2,
        null,
        null,
        1,
        5,
        5,
        null,
        0,
        0,
        null,
        0,
        null,
        null,
        null,
        null,
        1,
        5,
        0,
        null,
        5,
        0,
        null,
        5,
        null,
        null,
        null,
        null,
        1,
        1,
        null,
        null,
        1,
        1,
        1,
        1,
        1,
        null,
        null,
        null,
        null,
        null
      ],
      "/home/pixoatic/languageplatform/languageplatformws2022-290480-ruby/template-app/app/controllers/account_block/teachers_controller.rb": [
        1,
        1,
        1,
        1,
        1,
        1,
        null,
        1,
        27,
        27,
        27,
        27,
        null,
        null,
        null,
        27,
        null,
        null,
        24,
        null,
        23,
        23,
        23,
        23,
        23,
        null,
        null,
        null,
        0,
        null,
        null,
        null,
        null,
        1,
        1,
        1,
        null,
        null,
        0,
        null,
        null,
        null,
        null,
        1,
        1,
        1,
        1,
        null,
        null,
        null,
        null,
        null,
        null,
        1,
        1,
        null,
        null,
        1,
        2,
        2,
        1,
        null,
        1,
        null,
        null,
        null,
        1,
        1,
        1,
        1,
        1,
        1,
        null,
        null,
        1,
        2,
        2,
        2,
        1,
        1,
        null,
        1,
        null,
        null,
        null,
        1,
        2,
        2,
        2,
        2,
        1,
        1,
        null,
        1,
        null,
        null,
        null,
        1,
        1,
        1,
        1,
        1,
        1,
        null,
        null,
        null,
        null,
        null,
        1,
        2,
        2,
        2,
        2,
        1,
        null,
        1,
        null,
        null,
        null,
        null,
        1,
        1,
        null,
        1,
        1,
        1,
        1,
        null,
        null,
        null,
        null,
        null,
        null,
        null,
        null,
        null,
        null,
        null,
        null,
        null,
        1,
        2,
        null,
        2,
        2,
        null,
        2,
        null,
        null,
        null,
        null,
        null,
        null,
        null,
        2,
        null,
        0,
        null,
        null,
        null,
        1,
        1,
        null,
        1,
        1,
        null,
        1,
        1,
        null,
        null,
        null,
        null,
        null,
        null,
        null,
        null,
        null,
        null,
        null,
        1,
        1,
        1,
        1,
        1,
        null,
        null,
        null,
        null,
        1,
        null,
        null,
        null,
        null,
        null,
        1,
        null,
        1,
        1,
        1,
        1,
        null,
        null,
        1,
        null,
        null,
        null,
        1,
        null,
        1,
        23,
        null,
        null,
        1,
        0,
        0,
        0,
        null,
        0,
        null,
        null,
        null,
        1,
        0,
        0,
        null,
        null,
        1,
        2,
        2,
        null,
        null,
        1,
        105,
        null,
        null,
        1,
        2,
        null,
        null,
        1,
        6,
        4,
        null,
        2,
        2,
        null,
        0,
        null,
        null,
        null,
        null,
        1,
        12,
        0,
        null,
        12,
        0,
        null,
        12,
        null,
        null,
        null,
        null,
        1,
        1,
        null,
        null,
        1,
        1,
        1,
        1,
        1,
        null,
        null,
        null,
        null,
        null,
        null,
        null,
        null,
        null,
        null,
        null,
        null,
        null,
        null,
        null,
        null,
        null,
        null,
        null,
        null,
        null,
        null,
        null,
        null,
        null,
        null,
        null,
        null,
        null,
        null,
        null,
        null,
        null,
        null
      ],
      "/home/pixoatic/languageplatform/languageplatformws2022-290480-ruby/template-app/app/controllers/bx_block_appointment_management/teacher_controller.rb": [
        1,
        1,
        1,
        1,
        1,
        1,
        null,
        1,
        null,
        1,
        null,
        null,
        2,
        2,
        null,
        0,
        0,
        null,
        null,
        2,
        null,
        2,
        null,
        null,
        1,
        null,
        2,
        2,
        2,
        1,
        1,
        null,
        null,
        0,
        0,
        null,
        null,
        2,
        null,
        2,
        null,
        null,
        1,
        2,
        null,
        2,
        1,
        null,
        1,
        null,
        null,
        null,
        1,
        1,
        1,
        null,
        null,
        1,
        1,
        null,
        0,
        0,
        null,
        null,
        1,
        0,
        null,
        1,
        1,
        1,
        1,
        null,
        null,
        null,
        1,
        null,
        1,
        null,
        1,
        null,
        null,
        null,
        1,
        null,
        1,
        1,
        1,
        1,
        1,
        1,
        null,
        null,
        null,
        1,
        1,
        1,
        1,
        1,
        1,
        1,
        1,
        1,
        1,
        null,
        1,
        null,
        null,
        1,
        null,
        1,
        9,
        9,
        null,
        null,
        null
      ],
      "/home/pixoatic/languageplatform/languageplatformws2022-290480-ruby/template-app/app/controllers/bx_block_landingpage3/frequently_asked_questions_controller.rb": [
        1,
        1,
        null,
        1,
        1,
        1,
        1,
        null,
        null,
        1,
        2,
        2,
        1,
        null,
        1,
        null,
        null,
        null,
        1,
        2,
        null,
        null,
        null,
        null,
        null
      ],
      "/home/pixoatic/languageplatform/languageplatformws2022-290480-ruby/template-app/app/controllers/bx_block_landingpage3/application_controller.rb": [
        1,
        1,
        null,
        1,
        null,
        1,
        null,
        1,
        0,
        null,
        null,
        null
      ],
      "/home/pixoatic/languageplatform/languageplatformws2022-290480-ruby/template-app/app/controllers/bx_block_login/teachers_controller.rb": [
        1,
        1,
        null,
        1,
        5,
        5,
        5,
        4,
        2,
        1,
        null,
        1,
        null,
        null,
        2,
        1,
        null,
        null,
        null,
        1,
        null,
        null,
        null,
        1,
        null,
        null,
        null,
        1,
        null,
        1,
        1,
        null,
        null,
        null
      ],
      "/home/pixoatic/languageplatform/languageplatformws2022-290480-ruby/template-app/app/controllers/bx_block_login/application_controller.rb": [
        1,
        1,
        null,
        null,
        null
      ],
      "/home/pixoatic/languageplatform/languageplatformws2022-290480-ruby/template-app/app/controllers/bx_block_password/student_passwords_controller.rb": [
        1,
        1,
        1,
        1,
        null,
        1,
        3,
        3,
        3,
        3,
        null,
        null,
        3,
        1,
        1,
        1,
        null,
        0,
        null,
        null,
        null,
        null,
        null
      ],
      "/home/pixoatic/languageplatform/languageplatformws2022-290480-ruby/template-app/app/controllers/bx_block_password/teacher_passwords_controller.rb": [
        1,
        1,
        1,
        1,
        null,
        1,
        3,
        3,
        3,
        3,
        null,
        null,
        3,
        2,
        1,
        1,
        null,
        1,
        null,
        null,
        null,
        null,
        null
      ],
      "/home/pixoatic/languageplatform/languageplatformws2022-290480-ruby/template-app/app/mailers/bx_block_notifications/student_group_class_cancel_mailer.rb": [
        1,
        1,
        1,
        1,
        1,
        1,
        1,
        1,
        null,
        null,
        null,
        2,
        null,
        null,
        null,
        null,
        null
      ],
      "/home/pixoatic/languageplatform/languageplatformws2022-290480-ruby/template-app/app/mailers/application_mailer.rb": [
        1,
        1,
        1,
        null
      ],
      "/home/pixoatic/languageplatform/languageplatformws2022-290480-ruby/template-app/app/models/account_block/assessment_option.rb": [
        1,
        1,
        1,
        null,
        1,
        null,
        1,
        null,
        null
      ],
      "/home/pixoatic/languageplatform/languageplatformws2022-290480-ruby/template-app/app/models/account_block/assessment.rb": [
        1,
        1,
        1,
        null,
        1,
        1,
        1,
        1,
        1,
        null,
        null,
        null,
        null,
        null
      ],
      "/home/pixoatic/languageplatform/languageplatformws2022-290480-ruby/template-app/app/models/bx_block_custom_user_subs/feature.rb": [
        1,
        1,
        1,
        null,
        1,
        1,
        null,
        null
      ],
      "/home/pixoatic/languageplatform/languageplatformws2022-290480-ruby/template-app/app/controllers/bx_block_classes/language_classes_controller.rb": [
        1,
        1,
        1,
        1,
        1,
        1,
        1,
        null,
        1,
        2,
        2,
        null,
        null,
        1,
        0,
        null,
        null,
        null,
        null,
        null,
        null,
        0,
        0,
        0,
        null,
        0,
        0,
        0,
        null,
        null,
        0,
        null,
        null,
        0,
        null,
        null,
        null,
        null,
        null,
        null,
        null,
        null,
        null,
        null,
        null,
        0,
        null,
        null,
        null,
        null,
        null,
        null,
        null,
        null,
        null,
        null,
        null,
        null,
        null,
        null,
        null,
        null,
        null,
        null,
        null,
        null,
        null,
        null,
        null,
        null,
        null,
        null,
        null,
        1,
        0,
        0,
        0,
        null,
        0,
        null,
        0,
        null,
        null,
        1,
        1,
        2,
        2,
        null,
        null,
        1,
        0,
        null,
        null,
        1,
        0,
        null,
        null,
        null,
        null
      ],
      "/home/pixoatic/languageplatform/languageplatformws2022-290480-ruby/template-app/app/serializers/bx_block_appointment_management/teacher_group_class_serializer.rb": [
        1,
        1,
        null,
        1,
        null,
        null,
        null,
        null,
        null,
        null,
        null,
        null,
        null,
        1,
        1,
        null,
        1,
        1,
        null,
        1,
        1,
        1,
        null,
        null,
        1,
        1,
        null,
        1,
        1,
        null,
        1,
        1,
        1,
        null,
        0,
        null,
        0,
        null,
        null,
        null,
        0,
        null,
        1,
        null,
        null,
        null
      ],
      "/home/pixoatic/languageplatform/languageplatformws2022-290480-ruby/template-app/app/serializers/builder_base/base_serializer.rb": [
        1,
        1,
        1,
        null,
        1,
        1,
        null,
        1,
        0,
        null,
        null,
        null,
        null
      ],
      "/home/pixoatic/languageplatform/languageplatformws2022-290480-ruby/template-app/app/services/account_block/group_classes_creator.rb": [
        1,
        1,
        1,
        3,
        3,
        null,
        3,
        null,
        null,
        3,
        null,
        null,
        null,
        null,
        null,
        null,
        null,
        3,
        3,
        null,
        3,
        null,
        3,
        null,
        null,
        null,
        3,
        123,
        246,
        16,
        null,
        16,
        null,
        null,
        null,
        null,
        16,
        0,
        0,
        null,
        16,
        16,
        null,
        16,
        16,
        null,
        null,
        null,
        null,
        null,
        null,
        1,
        null,
        1,
        4,
        null,
        4,
        8,
        8,
        null,
        null,
        null,
        4,
        null,
        null,
        1,
        248,
        null,
        null,
        1,
        0,
        null,
        null,
        1,
        16,
        16,
        null,
        16,
        0,
        0,
        null,
        0,
        0,
        0,
        0,
        null,
        null,
        null,
        16,
        null,
        null,
        null
      ],
      "/home/pixoatic/languageplatform/languageplatformws2022-290480-ruby/template-app/app/workers/bx_block_classes/group_class_cancel_worker.rb": [
        1,
        1,
        1,
        null,
        1,
        1,
        1,
        null,
        1,
        0,
        null,
        null,
        null,
        null
      ],
      "/home/pixoatic/languageplatform/languageplatformws2022-290480-ruby/template-app/app/services/builder_json_web_token/json_web_token.rb": [
        1,
        1,
        1,
        null,
        1,
        1,
        168,
        null,
        168,
        168,
        null,
        168,
        null,
        168,
        null,
        null,
        1,
        97,
        null,
        null,
        1,
        null,
        1,
        97,
        null,
        null,
        null,
        null,
        1,
        null,
        168,
        null,
        null,
        null,
        null,
        1,
        265,
        null,
        null,
        1,
        265,
        null,
        null,
        null,
        1,
        91,
        91,
        91,
        91,
        null,
        null,
        1,
        null,
        1,
        0,
        0,
        0,
        null,
        null,
        null,
        1,
        0,
        null,
        null,
        1,
        0,
        0,
        null,
        null,
        null
      ],
      "/home/pixoatic/languageplatform/languageplatformws2022-290480-ruby/template-app/app/serializers/bx_block_appointment_management/service_provider_availability_serializer.rb": [
        1,
        1,
        1,
        null,
        null,
        1,
        1,
        null,
        null,
        1,
        1,
        null,
        1,
        0,
        null,
        null,
        null,
        1,
        1,
        null,
        null,
        null,
        null,
        null,
        null
      ],
      "/home/pixoatic/languageplatform/languageplatformws2022-290480-ruby/template-app/app/mailers/account_block/admin_invite_student_mailer.rb": [
        1,
        1,
        null,
        1,
        1,
        1,
        1,
        1,
        null,
        1,
        1,
        null,
        null,
        1,
        0,
        1,
        null,
        0,
        null,
        1,
        null,
        null,
        null,
        1,
        null,
        1,
        null,
        null,
        null,
        2,
        null,
        null,
        null,
        1,
        null,
        1,
        1,
        null,
        null,
        null
      ],
      "/home/pixoatic/languageplatform/languageplatformws2022-290480-ruby/template-app/app/mailers/account_block/application_mailer.rb": [
        1,
        1,
        1,
        1,
        null,
        null
      ],
      "/home/pixoatic/languageplatform/languageplatformws2022-290480-ruby/template-app/app/mailers/builder_base/application_mailer.rb": [
        1,
        1,
        1,
        1,
        null,
        null
      ],
      "/home/pixoatic/languageplatform/languageplatformws2022-290480-ruby/template-app/app/mailers/account_block/admin_invite_teacher_mailer.rb": [
        1,
        1,
        null,
        1,
        1,
        1,
        1,
        1,
        null,
        1,
        1,
        null,
        null,
        1,
        0,
        1,
        null,
        0,
        null,
        1,
        null,
        null,
        null,
        1,
        null,
        1,
        null,
        null,
        null,
        2,
        null,
        null,
        null,
        1,
        null,
        1,
        1,
        null,
        null,
        null
      ],
      "/home/pixoatic/languageplatform/languageplatformws2022-290480-ruby/template-app/app/serializers/account_block/language_course_serializer.rb": [
        1,
        1,
        1,
        null,
        1,
        null,
        null,
        null,
        null,
        null,
        null,
        null,
        null,
        null,
        null,
        null,
        null,
        null,
        null,
        null,
        null,
        null,
        null,
        null,
        null,
        null,
        null
      ],
      "/home/pixoatic/languageplatform/languageplatformws2022-290480-ruby/template-app/app/controllers/account_block/student_password_resets_controller.rb": [
        1,
        1,
        null,
        1,
        2,
        2,
        2,
        2,
        1,
        1,
        null,
        1,
        null,
        null,
        null,
        1,
        2,
        2,
        2,
        null,
        null,
        2,
        2,
        null,
        2,
        null,
        1,
        null,
        2,
        1,
        1,
        1,
        null,
        null,
        1,
        null,
        null,
        null,
        null
      ],
      "/home/pixoatic/languageplatform/languageplatformws2022-290480-ruby/template-app/app/mailers/account_block/student_password_mailer.rb": [
        1,
        1,
        null,
        1,
        1,
        1,
        1,
        1,
        null,
        1,
        1,
        1,
        null,
        null,
        null,
        2,
        null,
        null,
        null,
        1,
        null,
        1,
        1,
        null,
        null,
        null,
        null
      ],
      "/home/pixoatic/languageplatform/languageplatformws2022-290480-ruby/template-app/app/services/account_block/password_validation.rb": [
        1,
        1,
        1,
        null,
        1,
        null,
        1,
        1,
        null,
        null,
        null,
        null,
        null,
        null,
        null,
        1,
        null,
        null,
        1,
        0,
        null,
        null,
        1,
        0,
        null,
        null,
        null,
        null,
        null,
        null,
        1,
        null,
        null,
        null,
        null,
        1,
        61,
        null,
        null,
        null
      ],
      "/home/pixoatic/languageplatform/languageplatformws2022-290480-ruby/template-app/app/services/account_block/email_validation.rb": [
        1,
        1,
        1,
        null,
        1,
        null,
        1,
        1,
        1,
        null,
        null,
        1,
        0,
        null,
        null,
        null,
        1,
        null,
        null,
        null,
        null,
        1,
        51,
        null,
        null,
        null
      ],
      "/home/pixoatic/languageplatform/languageplatformws2022-290480-ruby/template-app/app/mailers/account_block/student_email_validation_mailer.rb": [
        1,
        1,
        null,
        1,
        22,
        22,
        22,
        22,
        22,
        22,
        22,
        null,
        null,
        null,
        44,
        null,
        null,
        null,
        1,
        null,
        1,
        22,
        null,
        null,
        null
      ],
      "/home/pixoatic/languageplatform/languageplatformws2022-290480-ruby/template-app/app/serializers/account_block/student_serializer.rb": [
        1,
        1,
        1,
        null,
        1,
        null,
        null,
        null,
        null,
        null,
        null,
        null,
        null,
        null,
        null,
        null,
        null,
        null,
        null,
        1,
        26,
        null,
        null,
        null,
        null,
        null
      ],
      "/home/pixoatic/languageplatform/languageplatformws2022-290480-ruby/template-app/app/serializers/account_block/student_profile_serializer.rb": [
        1,
        1,
        1,
        null,
        1,
        null,
        null,
        null,
        null,
        null,
        null,
        null,
        null,
        null,
        null,
        null,
        1,
        1,
        null,
        null,
        null,
        null,
        null
      ],
      "/home/pixoatic/languageplatform/languageplatformws2022-290480-ruby/template-app/app/controllers/account_block/teacher_password_resets_controller.rb": [
        1,
        1,
        null,
        1,
        2,
        2,
        2,
        2,
        1,
        1,
        null,
        1,
        null,
        null,
        null,
        1,
        2,
        2,
        2,
        null,
        null,
        2,
        2,
        null,
        2,
        null,
        1,
        null,
        2,
        1,
        1,
        1,
        null,
        null,
        1,
        null,
        null,
        null,
        null
      ],
      "/home/pixoatic/languageplatform/languageplatformws2022-290480-ruby/template-app/app/mailers/account_block/teacher_password_mailer.rb": [
        1,
        1,
        null,
        1,
        1,
        1,
        1,
        1,
        1,
        1,
        1,
        null,
        null,
        null,
        2,
        null,
        null,
        null,
        1,
        1,
        1,
        null,
        null,
        null
      ],
      "/home/pixoatic/languageplatform/languageplatformws2022-290480-ruby/template-app/app/mailers/account_block/teacher_email_validation_mailer.rb": [
        1,
        1,
        null,
        1,
        24,
        24,
        24,
        24,
        null,
        24,
        24,
        null,
        24,
        null,
        null,
        null,
        48,
        null,
        null,
        null,
        1,
        null,
        1,
        24,
        null,
        null,
        null
      ],
      "/home/pixoatic/languageplatform/languageplatformws2022-290480-ruby/template-app/app/serializers/account_block/teacher_serializer.rb": [
        1,
        1,
        1,
        null,
        1,
        null,
        null,
        null,
        null,
        null,
        null,
        null,
        null,
        null,
        null,
        null,
        null,
        null,
        null,
        null,
        null,
        null,
        null,
        1,
        28,
        null,
        null,
        null
      ],
      "/home/pixoatic/languageplatform/languageplatformws2022-290480-ruby/template-app/app/serializers/account_block/teacher_profile_serializer.rb": [
        1,
        1,
        1,
        null,
        null,
        1,
        null,
        null,
        null,
        null,
        null,
        null,
        null,
        null,
        null,
        null,
        null,
        null,
        1,
        1,
        null,
        null,
        1,
        1,
        1,
        1,
        null,
        null,
        null
      ],
      "/home/pixoatic/languageplatform/languageplatformws2022-290480-ruby/template-app/app/serializers/bx_block_classes/upcoming_class_serializer.rb": [
        1,
        1,
        1,
        null,
        1,
        null,
        1,
        null,
        0,
        null,
        null,
        1,
        0,
        null,
        null,
        null
      ],
      "/home/pixoatic/languageplatform/languageplatformws2022-290480-ruby/template-app/app/services/bx_block_appointment_management/time_slots_calculator.rb": [
        1,
        1,
        1,
        31,
        null,
        31,
        31,
        31,
        31,
        null,
        31,
        178,
        178,
        178,
        null,
        null,
        178,
        178,
        178,
        null,
        null,
        31,
        null,
        null,
        null
      ],
      "/home/pixoatic/languageplatform/languageplatformws2022-290480-ruby/template-app/app/models/bx_block_appointment_management/booked_slot.rb": [
        1,
        1,
        null,
        1,
        null,
        1,
        null,
        null
      ],
      "/home/pixoatic/languageplatform/languageplatformws2022-290480-ruby/template-app/app/mailers/bx_block_notifications/teacher_class_reminder_mailer.rb": [
        1,
        1,
        1,
        1,
        1,
        1,
        1,
        null,
        1,
        null,
        null,
        null,
        2,
        null,
        null,
        null,
        1,
        null,
        null,
        null
      ],
      "/home/pixoatic/languageplatform/languageplatformws2022-290480-ruby/template-app/app/mailers/bx_block_notifications/student_accepted_class_mailer.rb": [
        1,
        1,
        1,
        1,
        1,
        1,
        1,
        1,
        null,
        null,
        null,
        2,
        null,
        null,
        null,
        null
      ],
      "/home/pixoatic/languageplatform/languageplatformws2022-290480-ruby/template-app/app/mailers/bx_block_notifications/student_reject_class_mailer.rb": [
        1,
        1,
        1,
        1,
        1,
        1,
        1,
        1,
        1,
        null,
        null,
        null,
        2,
        null,
        null,
        null,
        null,
        null
      ],
      "/home/pixoatic/languageplatform/languageplatformws2022-290480-ruby/template-app/app/mailers/bx_block_notifications/student_canceled_class_mailer.rb": [
        1,
        1,
        1,
        1,
        1,
        1,
        1,
        1,
        null,
        null,
        null,
        2,
        null,
        null,
        null,
        null,
        null
      ],
      "/home/pixoatic/languageplatform/languageplatformws2022-290480-ruby/template-app/app/serializers/bx_block_appointment_management/language121_serializer.rb": [
        1,
        1,
        1,
        1,
        1,
        null,
        null,
        null,
        null,
        null,
        null,
        null,
        null,
        1,
        1,
        null,
        1,
        1,
        null,
        1,
        1,
        1,
        null,
        null,
        null
      ],
      "/home/pixoatic/languageplatform/languageplatformws2022-290480-ruby/template-app/app/controllers/bx_block_custom_user_subs/subscription_plans_controller.rb": [
        1,
        1,
        null,
        1,
        7,
        7,
        6,
        1,
        1,
        null,
        5,
        1,
        1,
        null,
        4,
        1,
        1,
        null,
        3,
        1,
        1,
        null,
        2,
        1,
        1,
        null,
        null,
        1,
        null,
        null,
        null,
        1,
        null,
        null,
        null,
        null
      ],
      "/home/pixoatic/languageplatform/languageplatformws2022-290480-ruby/template-app/app/controllers/bx_block_custom_user_subs/application_controller.rb": [
        1,
        1,
        null,
        1,
        null,
        1,
        null,
        1,
        0,
        null,
        null,
        1,
        0,
        null,
        null,
        null
      ],
      "/home/pixoatic/languageplatform/languageplatformws2022-290480-ruby/template-app/app/serializers/bx_block_custom_user_subs/subscription_plan_serializer.rb": [
        1,
        1,
        1,
        null,
        null,
        null,
        null,
        null,
        null,
        null,
        null,
        null,
        null,
        1,
        5,
        null,
        null,
        1,
        5,
        null,
        null,
        null
      ],
      "/home/pixoatic/languageplatform/languageplatformws2022-290480-ruby/template-app/app/serializers/bx_block_landingpage3/frequently_asked_questions_serializer.rb": [
        1,
        1,
        1,
        null,
        null
      ],
      "/home/pixoatic/languageplatform/languageplatformws2022-290480-ruby/template-app/app/controllers/bx_block_login/students_controller.rb": [
        1,
        1,
        null,
        1,
        5,
        5,
        5,
        4,
        2,
        1,
        null,
        1,
        null,
        null,
        2,
        null,
        1,
        null,
        null,
        null,
        1,
        null,
        null,
        null,
        1,
        null,
        null,
        null,
        1,
        null,
        1,
        1,
        null,
        null,
        null
      ],
      "/home/pixoatic/languageplatform/languageplatformws2022-290480-ruby/template-app/app/controllers/bx_block_notifications/student_notifications_controller.rb": [
        1,
        1,
        null,
        1,
        1,
        null,
        1,
        2,
        2,
        2,
        1,
        1,
        null,
        null,
        1,
        null,
        null,
        null,
        1,
        3,
        3,
        3,
        3,
        2,
        1,
        1,
        null,
        1,
        null,
        null,
        1,
        null,
        null,
        null,
        1,
        3,
        3,
        3,
        3,
        1,
        0,
        0,
        null,
        1,
        null,
        null,
        2,
        null,
        null,
        null,
        1,
        4,
        4,
        4,
        4,
        3,
        2,
        2,
        null,
        1,
        null,
        null,
        1,
        null,
        null,
        null,
        null,
        null,
        1,
        3,
        3,
        3,
        3,
        2,
        1,
        1,
        null,
        1,
        null,
        null,
        1,
        null,
        null,
        null,
        null,
        null
      ],
      "/home/pixoatic/languageplatform/languageplatformws2022-290480-ruby/template-app/app/mailers/bx_block_notifications/student_class_reminder_mailer.rb": [
        1,
        1,
        null,
        1,
        2,
        2,
        null,
        2,
        null,
        null,
        null,
        4,
        null,
        null,
        null,
        null,
        null
      ],
      "/home/pixoatic/languageplatform/languageplatformws2022-290480-ruby/template-app/app/mailers/bx_block_notifications/student_membership_mailer.rb": [
        1,
        1,
        null,
        1,
        1,
        null,
        1,
        null,
        null,
        null,
        2,
        null,
        null,
        null,
        null,
        null
      ],
      "/home/pixoatic/languageplatform/languageplatformws2022-290480-ruby/template-app/app/mailers/bx_block_notifications/student_booked_class_confirmation_mailer.rb": [
        1,
        1,
        null,
        1,
        1,
        1,
        null,
        1,
        null,
        null,
        null,
        2,
        null,
        null,
        null,
        null,
        null
      ],
      "/home/pixoatic/languageplatform/languageplatformws2022-290480-ruby/template-app/app/mailers/bx_block_notifications/student_class_changes_mailer.rb": [
        1,
        1,
        null,
        1,
        1,
        1,
        null,
        1,
        null,
        null,
        null,
        2,
        null,
        null,
        null,
        null,
        null
      ],
      "/home/pixoatic/languageplatform/languageplatformws2022-290480-ruby/template-app/app/controllers/bx_block_notifications/teacher_notifications_controller.rb": [
        1,
        1,
        null,
        1,
        null,
        1,
        4,
        4,
        4,
        4,
        4,
        4,
        3,
        1,
        1,
        null,
        2,
        null,
        null,
        1,
        null,
        null,
        null,
        1,
        3,
        3,
        3,
        3,
        2,
        1,
        1,
        null,
        1,
        null,
        null,
        1,
        null,
        null,
        null,
        1,
        3,
        3,
        3,
        3,
        2,
        1,
        1,
        null,
        1,
        null,
        null,
        1,
        null,
        null,
        null,
        1,
        3,
        3,
        3,
        3,
        2,
        1,
        1,
        null,
        1,
        null,
        null,
        1,
        null,
        null,
        null,
        1,
        3,
        3,
        3,
        3,
        2,
        1,
        1,
        null,
        1,
        null,
        null,
        1,
        null,
        null,
        null,
        1,
        3,
        3,
        3,
        3,
        2,
        1,
        1,
        null,
        1,
        null,
        null,
        1,
        null,
        null,
        null,
        null,
        null
      ],
      "/home/pixoatic/languageplatform/languageplatformws2022-290480-ruby/template-app/app/mailers/bx_block_notifications/teacher_canceled_class_mailer.rb": [
        1,
        1,
        null,
        1,
        1,
        1,
        null,
        1,
        null,
        null,
        null,
        2,
        null,
        null,
        null,
        null,
        null
      ],
      "/home/pixoatic/languageplatform/languageplatformws2022-290480-ruby/template-app/app/mailers/bx_block_notifications/teacher_class_availability_mailer.rb": [
        1,
        1,
        null,
        1,
        1,
        1,
        null,
        1,
        null,
        null,
        null,
        2,
        null,
        null,
        null,
        null,
        null
      ],
      "/home/pixoatic/languageplatform/languageplatformws2022-290480-ruby/template-app/app/mailers/bx_block_notifications/teacher_ending_group_course_mailer.rb": [
        1,
        1,
        null,
        1,
        1,
        1,
        null,
        1,
        null,
        null,
        null,
        2,
        null,
        null,
        null,
        null,
        null
      ],
      "/home/pixoatic/languageplatform/languageplatformws2022-290480-ruby/template-app/app/mailers/bx_block_notifications/teacher_group_class_mailer.rb": [
        1,
        1,
        null,
        1,
        1,
        1,
        null,
        1,
        null,
        null,
        null,
        2,
        null,
        null,
        null,
        null,
        null
      ],
      "/home/pixoatic/languageplatform/languageplatformws2022-290480-ruby/template-app/app/mailers/bx_block_notifications/teacher_new_class_mailer.rb": [
        1,
        1,
        null,
        1,
        1,
        1,
        null,
        1,
        null,
        null,
        null,
        2,
        null,
        null,
        null,
        null,
        null
      ],
      "/home/pixoatic/languageplatform/languageplatformws2022-290480-ruby/template-app/app/serializers/bx_block_classes/language_class_serializer.rb": [
        1,
        1,
        1,
        null,
        1,
        null,
        1,
        2,
        null,
        null,
        1,
        null,
        2,
        null,
        null,
        1,
        2,
        null,
        null,
        1,
        2,
        null,
        null,
        2,
        null,
        2,
        null,
        null,
        null,
        null
      ],
      "/home/pixoatic/languageplatform/languageplatformws2022-290480-ruby/template-app/app/models/bx_block_custom_user_subs/user_subscription.rb": [
        0,
        0,
        0,
        0,
        0,
        0,
        0
      ],
      "/home/pixoatic/languageplatform/languageplatformws2022-290480-ruby/template-app/app/models/bx_block_custom_user_subs/subscription.rb": [
        0,
        0,
        0,
        0,
        0,
        0,
        0,
        0,
        0,
        null,
        0,
        0,
        0
      ],
      "/home/pixoatic/languageplatform/languageplatformws2022-290480-ruby/template-app/app/models/bx_block_payment_admin/application_record.rb": [
        0,
        0,
        0,
        0,
        0
      ],
      "/home/pixoatic/languageplatform/languageplatformws2022-290480-ruby/template-app/app/models/bx_block_payment_admin/payment_admin.rb": [
        0,
        0,
        0,
        0,
        0,
        0,
        0,
        0
      ],
      "/home/pixoatic/languageplatform/languageplatformws2022-290480-ruby/template-app/app/models/bx_block_catalogue/application_record.rb": [
        0,
        0,
        0,
        0,
        0
      ],
      "/home/pixoatic/languageplatform/languageplatformws2022-290480-ruby/template-app/app/models/bx_block_catalogue/catalogue_variant_color.rb": [
        0,
        0,
        0,
        0,
        0
      ],
      "/home/pixoatic/languageplatform/languageplatformws2022-290480-ruby/template-app/app/models/bx_block_catalogue/tag.rb": [
        0,
        0,
        0,
        null,
        0,
        null,
        0,
        0
      ],
      "/home/pixoatic/languageplatform/languageplatformws2022-290480-ruby/template-app/app/models/bx_block_catalogue/catalogue_variant_size.rb": [
        0,
        0,
        0,
        0,
        0
      ],
      "/home/pixoatic/languageplatform/languageplatformws2022-290480-ruby/template-app/app/models/bx_block_catalogue/catalogue.rb": [
        0,
        0,
        0,
        0,
        null,
        0,
        null,
        0,
        null,
        0,
        0,
        0,
        null,
        0,
        0,
        0,
        null,
        0,
        null,
        0,
        0,
        0,
        0,
        null,
        0,
        null,
        0,
        null,
        0,
        0,
        null,
        0,
        0,
        0,
        0,
        0,
        0,
        0,
        0,
        null
      ],
      "/home/pixoatic/languageplatform/languageplatformws2022-290480-ruby/template-app/app/models/bx_block_catalogue/review.rb": [
        0,
        0,
        0,
        null,
        0,
        0,
        0
      ],
      "/home/pixoatic/languageplatform/languageplatformws2022-290480-ruby/template-app/app/models/bx_block_catalogue/catalogues_tag.rb": [
        0,
        0,
        0,
        null,
        0,
        0,
        0,
        0
      ],
      "/home/pixoatic/languageplatform/languageplatformws2022-290480-ruby/template-app/app/models/bx_block_catalogue/brand.rb": [
        0,
        0,
        0,
        0,
        0
      ],
      "/home/pixoatic/languageplatform/languageplatformws2022-290480-ruby/template-app/app/models/bx_block_catalogue/catalogue_variant.rb": [
        0,
        0,
        0,
        null,
        0,
        0,
        0,
        null,
        0,
        0,
        0
      ],
      "/home/pixoatic/languageplatform/languageplatformws2022-290480-ruby/template-app/app/models/bx_block_calendar/application_record.rb": [
        0,
        0,
        0,
        0,
        0
      ],
      "/home/pixoatic/languageplatform/languageplatformws2022-290480-ruby/template-app/app/models/bx_block_roles_permissions/application_record.rb": [
        0,
        0,
        0,
        0,
        0
      ],
      "/home/pixoatic/languageplatform/languageplatformws2022-290480-ruby/template-app/app/models/bx_block_roles_permissions/role.rb": [
        0,
        0,
        0,
        null,
        0,
        null,
        0,
        0,
        0
      ],
      "/home/pixoatic/languageplatform/languageplatformws2022-290480-ruby/template-app/app/models/bx_block_elasticsearch/application_record.rb": [
        0,
        0,
        0,
        0,
        0
      ],
      "/home/pixoatic/languageplatform/languageplatformws2022-290480-ruby/template-app/app/models/bx_block_scheduling/application_record.rb": [
        0,
        0,
        0,
        0,
        0
      ],
      "/home/pixoatic/languageplatform/languageplatformws2022-290480-ruby/template-app/app/models/bx_block_forgot_password/application_record.rb": [
        0,
        0,
        0,
        0,
        0
      ],
      "/home/pixoatic/languageplatform/languageplatformws2022-290480-ruby/template-app/app/models/bx_block_plan/application_record.rb": [
        null,
        null,
        0,
        0,
        0,
        0,
        0
      ],
      "/home/pixoatic/languageplatform/languageplatformws2022-290480-ruby/template-app/app/models/bx_block_plan/plan.rb": [
        null,
        null,
        0,
        0,
        0,
        0,
        null,
        0,
        null,
        0,
        null,
        0,
        0,
        0,
        0,
        0
      ],
      "/home/pixoatic/languageplatform/languageplatformws2022-290480-ruby/template-app/app/models/bx_block_settings/application_record.rb": [
        0,
        0,
        0,
        0,
        0
      ],
      "/home/pixoatic/languageplatform/languageplatformws2022-290480-ruby/template-app/app/models/bx_block_settings/setting.rb": [
        0,
        0,
        null,
        0,
        null,
        0,
        0
      ],
      "/home/pixoatic/languageplatform/languageplatformws2022-290480-ruby/template-app/app/models/bx_block_apiintegration18/application_record.rb": [
        0,
        0,
        0,
        0,
        0
      ],
      "/home/pixoatic/languageplatform/languageplatformws2022-290480-ruby/template-app/app/models/account_block/black_list_user.rb": [
        0,
        0,
        0,
        0,
        null,
        0,
        0,
        0,
        null,
        0,
        0,
        0,
        null,
        0,
        0,
        0,
        0,
        0
      ],
      "/home/pixoatic/languageplatform/languageplatformws2022-290480-ruby/template-app/app/models/account_block/sms_account.rb": [
        0,
        0,
        0,
        0,
        0,
        0
      ],
      "/home/pixoatic/languageplatform/languageplatformws2022-290480-ruby/template-app/app/models/account_block/email_account.rb": [
        0,
        0,
        0,
        0,
        null,
        0,
        0,
        0,
        0,
        0,
        0,
        0,
        0,
        0
      ],
      "/home/pixoatic/languageplatform/languageplatformws2022-290480-ruby/template-app/app/models/account_block/sms_otp.rb": [
        0,
        0,
        0,
        null,
        0,
        null,
        0,
        null,
        0,
        0,
        null,
        0,
        0,
        null,
        0,
        null,
        0,
        0,
        0,
        0,
        null,
        0,
        0,
        0,
        0,
        0,
        null,
        0,
        null,
        0,
        0,
        0,
        0,
        null,
        0,
        0,
        0,
        0,
        0,
        0,
        0
      ],
      "/home/pixoatic/languageplatform/languageplatformws2022-290480-ruby/template-app/app/models/account_block/social_account.rb": [
        0,
        0,
        0,
        null,
        0,
        0,
        null,
        0,
        null,
        0,
        0,
        0,
        0,
        0
      ],
      "/home/pixoatic/languageplatform/languageplatformws2022-290480-ruby/template-app/app/models/account_block/email_otp.rb": [
        0,
        0,
        0,
[...]
        0,
        0
      ],
      "/home/pixoatic/languageplatform/languageplatformws2022-290480-ruby/template-app/app/jobs/account_block/application_job.rb": [
        0,
        0,
        0,
        0
      ],
      "/home/pixoatic/languageplatform/languageplatformws2022-290480-ruby/template-app/app/jobs/bx_block_login/application_job.rb": [
        0,
        0,
        0,
        0
      ],
      "/home/pixoatic/languageplatform/languageplatformws2022-290480-ruby/template-app/app/jobs/bx_block_premiumplancomparison/application_job.rb": [
        0,
        0,
        0,
        0
      ],
      "/home/pixoatic/languageplatform/languageplatformws2022-290480-ruby/template-app/app/jobs/bx_block_appointment_management/application_job.rb": [
        0,
        0,
        0,
        0
      ],
      "/home/pixoatic/languageplatform/languageplatformws2022-290480-ruby/template-app/app/jobs/bx_block_automatic_renewals/application_job.rb": [
        0,
        0,
        0,
        0
      ],
      "/home/pixoatic/languageplatform/languageplatformws2022-290480-ruby/template-app/app/jobs/bx_block_payments/application_job.rb": [
        0,
        0,
        0,
        0
      ],
      "/home/pixoatic/languageplatform/languageplatformws2022-290480-ruby/template-app/app/jobs/bx_block_cors/application_job.rb": [
        0,
        0,
        0,
        0
      ],
      "/home/pixoatic/languageplatform/languageplatformws2022-290480-ruby/template-app/app/jobs/bx_block_admin/application_job.rb": [
        0,
        0,
        0,
        0
      ],
      "/home/pixoatic/languageplatform/languageplatformws2022-290480-ruby/template-app/app/jobs/bx_block_cfgroupclassesminimumandmaximum/application_job.rb": [
        0,
        0,
        0,
        0
      ],
      "/home/pixoatic/languageplatform/languageplatformws2022-290480-ruby/template-app/app/jobs/bx_block_customisableuserprofiles/application_job.rb": [
        0,
        0,
        0,
        0
      ],
      "/home/pixoatic/languageplatform/languageplatformws2022-290480-ruby/template-app/app/jobs/bx_block_paypal/application_job.rb": [
        0,
        0,
        0,
        0
      ],
      "/home/pixoatic/languageplatform/languageplatformws2022-290480-ruby/template-app/app/jobs/bx_block_categories/application_job.rb": [
        0,
        0,
        0,
        0
      ],
      "/home/pixoatic/languageplatform/languageplatformws2022-290480-ruby/template-app/app/uploaders/image_uploader.rb": [
        0,
        null,
        null,
        0,
        null,
        null,
        null,
        null,
        null,
        null,
        null,
        0,
        0,
        0,
        null,
        null,
        null,
        null,
        null,
        null,
        null,
        null,
        null,
        null,
        null,
        null,
        null,
        null,
        null,
        null,
        null,
        null,
        null,
        null,
        null,
        null,
        null,
        null,
        null,
        0,
        0,
        0,
        null,
        null,
        null,
        null,
        null,
        null,
        0
      ],
      "/home/pixoatic/languageplatform/languageplatformws2022-290480-ruby/template-app/app/serializers/bx_block_custom_user_subs/language_type_serializer.rb": [
        0,
        0,
        0,
        null,
        0,
        0,
        0,
        0,
        0
      ],
      "/home/pixoatic/languageplatform/languageplatformws2022-290480-ruby/template-app/app/serializers/bx_block_custom_user_subs/subscription_serializer.rb": [
        0,
        0,
        0,
        0,
        0,
        0,
        0,
        0,
        null,
        0,
        0,
        0,
        null,
        0,
        0,
        0,
        0,
        0,
        null,
        0,
        0,
        0,
        0,
        0,
        null,
        0,
        0
      ],
      "/home/pixoatic/languageplatform/languageplatformws2022-290480-ruby/template-app/app/serializers/bx_block_custom_user_subs/study_format_serializer.rb": [
        0,
        0,
        0,
        null,
        0,
        0,
        0,
        0,
        0
      ],
      "/home/pixoatic/languageplatform/languageplatformws2022-290480-ruby/template-app/app/serializers/bx_block_catalogue/catalogue_variant_size_serializer.rb": [
        0,
        0,
        0,
        0,
        0
      ],
      "/home/pixoatic/languageplatform/languageplatformws2022-290480-ruby/template-app/app/serializers/bx_block_catalogue/catalogue_serializer.rb": [
        0,
        0,
        0,
        0,
        0,
        0,
        0,
        null,
        0,
        0,
        null,
        0,
        0,
        0,
        0,
        0,
        0,
        0,
        0,
        0,
        0,
        0,
        null,
        0,
        null,
        0,
        0,
        0,
        0,
        0,
        0,
        0,
        0
      ],
      "/home/pixoatic/languageplatform/languageplatformws2022-290480-ruby/template-app/app/serializers/bx_block_catalogue/brand_serializer.rb": [
        0,
        0,
        0,
        0,
        0
      ],
      "/home/pixoatic/languageplatform/languageplatformws2022-290480-ruby/template-app/app/serializers/bx_block_catalogue/error_serializer.rb": [
        0,
        0,
        0,
        0,
        0,
        0,
        0
      ],
      "/home/pixoatic/languageplatform/languageplatformws2022-290480-ruby/template-app/app/serializers/bx_block_catalogue/review_serializer.rb": [
        0,
        0,
        0,
        0,
        0
      ],
      "/home/pixoatic/languageplatform/languageplatformws2022-290480-ruby/template-app/app/serializers/bx_block_catalogue/catalogue_variant_color_serializer.rb": [
        0,
        0,
        0,
        0,
        0
      ],
      "/home/pixoatic/languageplatform/languageplatformws2022-290480-ruby/template-app/app/serializers/bx_block_catalogue/tag_serializer.rb": [
        0,
        0,
        0,
        0,
        0
      ],
      "/home/pixoatic/languageplatform/languageplatformws2022-290480-ruby/template-app/app/serializers/bx_block_catalogue/catalogue_variant_serializer.rb": [
        0,
        0,
        0,
        0,
        0,
        0,
        null,
        0,
        0,
        null,
        0,
        0,
        0,
        0,
        0,
        0,
        0,
        0,
        0,
        0,
        0,
        0,
        0
      ],
      "/home/pixoatic/languageplatform/languageplatformws2022-290480-ruby/template-app/app/serializers/bx_block_calendar/booked_slot_serializer.rb": [
        0,
        0,
        0,
        null,
        0,
        0,
        0,
        0,
        0
      ],
      "/home/pixoatic/languageplatform/languageplatformws2022-290480-ruby/template-app/app/serializers/bx_block_calendar/availability_serializer.rb": [
        0,
        0,
        null,
        0,
        0,
        0,
        0,
        0,
        0,
        0,
        0,
        0,
        0,
        0,
        0,
        0,
        0,
        0,
        0,
        0,
        0,
        0,
        0
      ],
      "/home/pixoatic/languageplatform/languageplatformws2022-290480-ruby/template-app/app/serializers/bx_block_landingpage3/language_serializer.rb": [
        0,
        0,
        0,
        null,
        0,
        0,
        0,
        0,
        0
      ],
      "/home/pixoatic/languageplatform/languageplatformws2022-290480-ruby/template-app/app/serializers/bx_block_forgot_password/email_otp_serializer.rb": [
        0,
        0,
        0,
        0
      ],
      "/home/pixoatic/languageplatform/languageplatformws2022-290480-ruby/template-app/app/serializers/bx_block_forgot_password/sms_otp_serializer.rb": [
        0,
        0,
        0,
        0,
        0,
        0
      ],
      "/home/pixoatic/languageplatform/languageplatformws2022-290480-ruby/template-app/app/serializers/bx_block_settings/setting_serializer.rb": [
        0,
        0,
        0,
        0,
        0,
        0,
        0,
        0
      ],
      "/home/pixoatic/languageplatform/languageplatformws2022-290480-ruby/template-app/app/serializers/account_block/account_serializer.rb": [
        0,
        0,
        0,
        0,
        0,
        0,
        0,
        0,
        0,
        0,
        0,
        0,
        0,
        0,
        0,
        0,
        null,
        0,
        0,
        0,
        null,
        0,
        0,
        0,
        null,
        0,
        0,
        null,
        0,
        0,
        0,
        0,
        null,
        0,
        0,
        0,
        0,
        0,
        0,
        0
      ],
      "/home/pixoatic/languageplatform/languageplatformws2022-290480-ruby/template-app/app/serializers/account_block/sms_otp_serializer.rb": [
        0,
        0,
        0,
        0
      ],
      "/home/pixoatic/languageplatform/languageplatformws2022-290480-ruby/template-app/app/serializers/account_block/country_code_and_flag_serializer.rb": [
        0,
        0,
        0,
        null,
        0,
        0,
        0,
        null,
        0,
        0,
        0,
        0,
        0
      ],
      "/home/pixoatic/languageplatform/languageplatformws2022-290480-ruby/template-app/app/serializers/account_block/assessment_options_serializer.rb": [
        0,
        0,
        0,
        0,
        0
      ],
      "/home/pixoatic/languageplatform/languageplatformws2022-290480-ruby/template-app/app/serializers/account_block/sms_account_serializer.rb": [
        0,
        0,
        0,
        null,
        0,
        0,
        0,
        0,
        0,
        0,
        0,
        0,
        0,
        0,
        0
      ],
      "/home/pixoatic/languageplatform/languageplatformws2022-290480-ruby/template-app/app/serializers/account_block/social_account_serializer.rb": [
        0,
        0,
        0,
        null,
        0,
        0,
        0,
        0,
        0,
        0,
        0,
        0,
        0,
        0,
        0
      ],
      "/home/pixoatic/languageplatform/languageplatformws2022-290480-ruby/template-app/app/serializers/account_block/validate_available_serializer.rb": [
        0,
        0,
        0,
        null,
        0,
        null,
        0,
        0,
        0,
        null,
        0,
        0,
        0,
        null,
        0,
        0,
        0,
        null,
        0,
        0,
        0,
        0,
        0
      ],
      "/home/pixoatic/languageplatform/languageplatformws2022-290480-ruby/template-app/app/serializers/account_block/assessment_questions_serializer.rb": [
        0,
        0,
        0,
        0,
        0
      ],
      "/home/pixoatic/languageplatform/languageplatformws2022-290480-ruby/template-app/app/serializers/account_block/email_account_serializer.rb": [
        0,
        0,
        0,
        null,
        0,
        0,
        0,
        0,
        0,
        0,
        0,
        0,
        0,
        0,
        0
      ],
      "/home/pixoatic/languageplatform/languageplatformws2022-290480-ruby/template-app/app/serializers/bx_block_automatic_renewals/automatic_renewal_serializer.rb": [
        0,
        0,
        0,
        0,
        0,
        0,
        0,
        0,
        0,
        0,
        0,
        0,
        0
      ],
      "/home/pixoatic/languageplatform/languageplatformws2022-290480-ruby/template-app/app/serializers/bx_block_categories/sub_category_serializer.rb": [
        0,
        0,
        0,
        null,
        0,
        0,
        0,
        0,
        0
      ],
      "/home/pixoatic/languageplatform/languageplatformws2022-290480-ruby/template-app/app/serializers/bx_block_categories/error_serializer.rb": [
        0,
        0,
        0,
        0,
        0,
        0,
        0
      ],
      "/home/pixoatic/languageplatform/languageplatformws2022-290480-ruby/template-app/app/serializers/bx_block_categories/category_serializer.rb": [
        0,
        0,
        0,
        0,
        null,
        0,
        0,
        0,
        null,
        0,
        0,
        0,
        null,
        0,
        0,
        0,
        null,
        0,
        0,
        0,
        null,
        0,
        0,
        0,
        null,
        0,
        0,
        0,
        null,
        0,
        0,
        0,
        null,
        0,
        0,
        0,
        0,
        0,
        null,
        0,
        0
      ],
      "/home/pixoatic/languageplatform/languageplatformws2022-290480-ruby/template-app/app/serializers/bx_block_categories/cta_serializer.rb": [
        0,
        0,
        0,
        0,
        0,
        0,
        null,
        0,
        0,
        0,
        null,
        0,
        0,
        0,
        0,
        0
      ],
      "/home/pixoatic/languageplatform/languageplatformws2022-290480-ruby/template-app/app/workers/bx_block_appointment_management/create_availability_worker.rb": [
        0,
        null,
        0,
        0,
        null,
        0,
        0,
        0,
        0,
        0,
        0,
        0,
        null,
        0,
        0,
        0,
        0,
        0,
        null,
        0,
        0,
        0,
        null,
        0,
        0,
        0,
        0,
        0,
        0,
        0,
        0,
        0,
        0,
        null,
        0,
        0
      ],
      "/home/pixoatic/languageplatform/languageplatformws2022-290480-ruby/template-app/app/workers/bx_block_appointment_management/add_one_day_availability_worker.rb": [
        0,
        null,
        0,
        0,
        null,
        0,
        0,
        0,
        0,
        0,
        0,
        0,
        0,
        0,
        0,
        0,
        0,
        0,
        null,
        0,
        0,
        0,
        0,
        0,
        null,
        0,
        0,
        0,
        0,
        0
      ],
      "/home/pixoatic/languageplatform/languageplatformws2022-290480-ruby/template-app/app/services/account_block/phone_validation.rb": [
        0,
        0,
        0,
        null,
        0,
        null,
        0,
        null,
        0,
        0,
        0,
        null,
        0,
        null,
        0,
        0,
        0,
        0,
        0,
        0
      ],
      "/home/pixoatic/languageplatform/languageplatformws2022-290480-ruby/template-app/app/services/bx_block_paypal/paypal_base.rb": [
        0,
        0,
        0,
        0,
        0,
        0,
        0,
        0,
        0,
        null,
        0,
        null,
        0,
        0,
        0,
        0,
        0,
        0,
        0,
        0,
        0
      ],
      "/home/pixoatic/languageplatform/languageplatformws2022-290480-ruby/template-app/app/services/bx_block_paypal/refund_transaction.rb": [
        0,
        0,
        null,
        null,
        null,
        0,
        0,
        0,
        0,
        null,
        0,
        0,
        0,
        0,
        0,
        0,
        0,
        0,
        0,
        0,
        0,
        0,
        0,
        0,
        0
      ],
      "/home/pixoatic/languageplatform/languageplatformws2022-290480-ruby/template-app/app/services/bx_block_paypal/capture_transaction.rb": [
        0,
        0,
        null,
        null,
        null,
        0,
        0,
        0,
        0,
        null,
        0,
        0,
        0,
        0,
        0,
        0,
        0,
        0,
        0,
        0,
        0,
        0,
        0,
        0,
        0,
        0,
        0
      ],
      "/home/pixoatic/languageplatform/languageplatformws2022-290480-ruby/template-app/app/services/bx_block_paypal/create_transaction.rb": [
        0,
        0,
        0,
        0,
        null,
        null,
        null,
        null,
        0,
        0,
        0,
        0,
        0,
        null,
        0,
        0,
        0,
        0,
        0,
        0,
        0,
        0,
        0,
        0,
        0,
        0,
        0,
        0,
        0,
        null,
        0,
        null,
        0,
        0,
        0,
        0,
        0,
        0,
        0,
        0,
        0,
        0,
        0,
        0,
        0,
        0,
        0,
        0,
        0,
        null,
        0,
        0,
        0,
        0,
        0,
        0,
        0,
        0
      ],
      "/home/pixoatic/languageplatform/languageplatformws2022-290480-ruby/template-app/app/services/bx_block_categories/build_categories.rb": [
        0,
        0,
        0,
        0,
        0,
        0,
        0,
        0,
        0,
        0,
        0,
        0,
        0,
        0,
        0,
        0,
        0,
        0,
        0,
        0,
        0,
        0,
        0,
        0,
        0,
        0,
        0,
        0,
        0,
        0,
        0,
        0,
        0,
        0,
        0,
        0,
        0,
        0,
        0,
        0,
        0,
        0,
        0,
        0,
        0,
        0,
        0,
        0,
        0,
        0,
        0,
        null,
        null,
        0,
        0,
        0,
        0,
        0,
        0,
        0,
        0,
        0,
        0,
        0,
        0,
        0,
        null,
        0,
        null,
        0,
        0,
        0,
        0,
        0,
        0,
        0,
        0,
        0,
        null,
        0,
        0,
        0
      ],
      "/home/pixoatic/languageplatform/languageplatformws2022-290480-ruby/template-app/app/services/bx_block_sms/send_sms.rb": [
        0,
        0,
        0,
        null,
        0,
        0,
        0,
        0,
        null,
        0,
        0,
        0,
        0,
        0
      ],
      "/home/pixoatic/languageplatform/languageplatformws2022-290480-ruby/template-app/app/services/bx_block_sms/providers/karix.rb": [
        0,
        0,
        null,
        0,
        0,
        0,
        0,
        0,
        0,
        0,
        null,
        0,
        null,
        0,
        0,
        0,
        0,
        0,
        0,
        0,
        0,
        0,
        0,
        0,
        0,
        null,
        0,
        0,
        0,
        0,
        0,
        0,
        null,
        0,
        0,
        0,
        0,
        0,
        0,
        0,
        0,
        0,
        0,
        null,
        0,
        0,
        0,
        null,
        0,
        0,
        0,
        0,
        0,
        0,
        0
      ],
      "/home/pixoatic/languageplatform/languageplatformws2022-290480-ruby/template-app/app/services/bx_block_sms/providers/twilio.rb": [
        0,
        0,
        0,
        0,
        0,
        0,
        0,
        0,
        0,
        0,
        0,
        0,
        null,
        0,
        0,
        0,
        null,
        0,
        0,
        0,
        null,
        0,
        0,
        0,
        0,
        0,
        0,
        0
      ],
      "/home/pixoatic/languageplatform/languageplatformws2022-290480-ruby/template-app/app/services/bx_block_sms/providers/test.rb": [
        0,
        0,
        0,
        0,
        0,
        0,
        0,
        null,
        0,
        0,
        0,
        null,
        0,
        0,
        0,
        0,
        0,
        0,
        0,
        0,
        0,
        0,
        0
      ],
      "/home/pixoatic/languageplatform/languageplatformws2022-290480-ruby/template-app/app/services/bx_block_sms/provider.rb": [
        0,
        0,
        0,
        0,
        0,
        null,
        0,
        null,
        0,
        0,
        0,
        0,
        0,
        0,
        0,
        0,
        0,
        0,
        0,
        0,
        null,
        0,
        0,
        null,
        0,
        0,
        0,
        null,
        0,
        0,
        0,
        0,
        0,
        0,
        0,
        0,
        0,
        0,
        0
      ]
    },
    "timestamp": 1701157184
  }
}
